Traceback (most recent call last):
KeyError: 'adj_woba_weather'
The above exception was the direct cause of the following exception:
Traceback (most recent call last):
    raise KeyError(key) from err
KeyError: 'adj_woba_weather'
