Traceback (most recent call last):
KeyError: 'adj_woba_weather'
The above exception was the direct cause of the following exception:
Traceback (most recent call last):
    bat["adj_woba_weather"]  = pd.to_numeric(bat["adj_woba_weather"], errors="coerce").fillna(1.0)
    raise KeyError(key) from err
KeyError: 'adj_woba_weather'
